<?xml version="1.0" encoding="UTF-8"?>
<!-- Generated by org.testng.reporters.JUnitReportReporter -->
<testsuite hostname="PC354964" name="bg.framework.app.functional.test.selfServe.ContactUsTest" tests="1" failures="0" timestamp="17 Nov 2017 10:35:32 GMT" time="2007.413" errors="0">
  <testcase name="verifyAnonymousJourney" time="2007.413" classname="bg.framework.app.functional.test.selfServe.ContactUsTest"/>
</testsuite> <!-- bg.framework.app.functional.test.selfServe.ContactUsTest -->
