<?xml version="1.0" encoding="UTF-8"?>
<!-- Generated by org.testng.reporters.JUnitReportReporter -->
<testsuite hostname="PC354964" name="bg.framework.app.functional.test.Slingshot.ConnectionsandMeteringTest" tests="1" failures="0" timestamp="13 Feb 2018 10:00:20 GMT" time="250.466" errors="0">
  <testcase name="verifyRequestCallBackLoggedIn" time="250.466" classname="bg.framework.app.functional.test.Slingshot.ConnectionsandMeteringTest"/>
</testsuite> <!-- bg.framework.app.functional.test.Slingshot.ConnectionsandMeteringTest -->
