<?xml version="1.0" encoding="UTF-8"?>
<!-- Generated by org.testng.reporters.JUnitReportReporter -->
<testsuite hostname="PC354964" name="bg.framework.app.functional.test.reFactoring.GetAquoteTest" tests="1" failures="0" timestamp="9 Jan 2018 14:32:23 GMT" time="4971.389" errors="0">
  <testcase name="VerifyGetaQuotePricing_AnonymousJourney" time="4971.389" classname="bg.framework.app.functional.test.reFactoring.GetAquoteTest"/>
</testsuite> <!-- bg.framework.app.functional.test.reFactoring.GetAquoteTest -->
