<?xml version="1.0" encoding="UTF-8"?>
<!-- Generated by org.testng.reporters.JUnitReportReporter -->
<testsuite hostname="01HW807624" name="com.com.test.NewTest" tests="1" failures="0" timestamp="26 Nov 2015 12:12:36 GMT" time="17.318" errors="0">
  <testcase name="gmailLogin" time="17.318" classname="com.com.test.NewTest"/>
</testsuite> <!-- com.com.test.NewTest -->
